C:\USERS\CONOR\DOCUMENTS\VISUAL STUDIO 2012\PROJECTS\RPG COURSEWORK\RPG COURSEWORK\DEBUG\BRUTE.OBJ
C:\USERS\CONOR\DOCUMENTS\VISUAL STUDIO 2012\PROJECTS\RPG COURSEWORK\RPG COURSEWORK\DEBUG\COMBATPACK.OBJ
C:\USERS\CONOR\DOCUMENTS\VISUAL STUDIO 2012\PROJECTS\RPG COURSEWORK\RPG COURSEWORK\DEBUG\FODDER.OBJ
C:\USERS\CONOR\DOCUMENTS\VISUAL STUDIO 2012\PROJECTS\RPG COURSEWORK\RPG COURSEWORK\DEBUG\GAME.OBJ
C:\USERS\CONOR\DOCUMENTS\VISUAL STUDIO 2012\PROJECTS\RPG COURSEWORK\RPG COURSEWORK\DEBUG\GAMEOVERSTATE.OBJ
C:\USERS\CONOR\DOCUMENTS\VISUAL STUDIO 2012\PROJECTS\RPG COURSEWORK\RPG COURSEWORK\DEBUG\HEALTHPACK.OBJ
C:\USERS\CONOR\DOCUMENTS\VISUAL STUDIO 2012\PROJECTS\RPG COURSEWORK\RPG COURSEWORK\DEBUG\ITEMS.OBJ
C:\USERS\CONOR\DOCUMENTS\VISUAL STUDIO 2012\PROJECTS\RPG COURSEWORK\RPG COURSEWORK\DEBUG\LABEL.OBJ
C:\USERS\CONOR\DOCUMENTS\VISUAL STUDIO 2012\PROJECTS\RPG COURSEWORK\RPG COURSEWORK\DEBUG\MAIN.OBJ
C:\USERS\CONOR\DOCUMENTS\VISUAL STUDIO 2012\PROJECTS\RPG COURSEWORK\RPG COURSEWORK\DEBUG\MONSTER.OBJ
C:\USERS\CONOR\DOCUMENTS\VISUAL STUDIO 2012\PROJECTS\RPG COURSEWORK\RPG COURSEWORK\DEBUG\PLAYER.OBJ
C:\USERS\CONOR\DOCUMENTS\VISUAL STUDIO 2012\PROJECTS\RPG COURSEWORK\RPG COURSEWORK\DEBUG\RAIDER.OBJ
C:\USERS\CONOR\DOCUMENTS\VISUAL STUDIO 2012\PROJECTS\RPG COURSEWORK\RPG COURSEWORK\DEBUG\STATEBATTLE.OBJ
C:\USERS\CONOR\DOCUMENTS\VISUAL STUDIO 2012\PROJECTS\RPG COURSEWORK\RPG COURSEWORK\DEBUG\STATECHARACTERSELECT.OBJ
C:\USERS\CONOR\DOCUMENTS\VISUAL STUDIO 2012\PROJECTS\RPG COURSEWORK\RPG COURSEWORK\DEBUG\STATECREDITS.OBJ
C:\USERS\CONOR\DOCUMENTS\VISUAL STUDIO 2012\PROJECTS\RPG COURSEWORK\RPG COURSEWORK\DEBUG\STATEMAINMENU.OBJ
C:\USERS\CONOR\DOCUMENTS\VISUAL STUDIO 2012\PROJECTS\RPG COURSEWORK\RPG COURSEWORK\DEBUG\STATEPLAY.OBJ
C:\USERS\CONOR\DOCUMENTS\VISUAL STUDIO 2012\PROJECTS\RPG COURSEWORK\RPG COURSEWORK\DEBUG\STATESPLASH.OBJ
C:\USERS\CONOR\DOCUMENTS\VISUAL STUDIO 2012\PROJECTS\RPG COURSEWORK\RPG COURSEWORK\DEBUG\STIMULANTPACK.OBJ
C:\USERS\CONOR\DOCUMENTS\VISUAL STUDIO 2012\PROJECTS\RPG COURSEWORK\RPG COURSEWORK\DEBUG\VC110.PDB
C:\USERS\CONOR\DOCUMENTS\VISUAL STUDIO 2012\PROJECTS\RPG COURSEWORK\DEBUG\RPG COURSEWORK.ILK
C:\USERS\CONOR\DOCUMENTS\VISUAL STUDIO 2012\PROJECTS\RPG COURSEWORK\DEBUG\RPG COURSEWORK.EXE
C:\USERS\CONOR\DOCUMENTS\VISUAL STUDIO 2012\PROJECTS\RPG COURSEWORK\DEBUG\RPG COURSEWORK.PDB
C:\Users\Conor\documents\visual studio 2012\Projects\RPG Coursework\RPG Coursework\Debug\Brute.obj
C:\Users\Conor\documents\visual studio 2012\Projects\RPG Coursework\RPG Coursework\Debug\CombatPack.obj
C:\Users\Conor\documents\visual studio 2012\Projects\RPG Coursework\RPG Coursework\Debug\Fodder.obj
C:\Users\Conor\documents\visual studio 2012\Projects\RPG Coursework\RPG Coursework\Debug\game.obj
C:\Users\Conor\documents\visual studio 2012\Projects\RPG Coursework\RPG Coursework\Debug\gameOverState.obj
C:\Users\Conor\documents\visual studio 2012\Projects\RPG Coursework\RPG Coursework\Debug\HealthPack.obj
C:\Users\Conor\documents\visual studio 2012\Projects\RPG Coursework\RPG Coursework\Debug\Items.obj
C:\Users\Conor\documents\visual studio 2012\Projects\RPG Coursework\RPG Coursework\Debug\Label.obj
C:\Users\Conor\documents\visual studio 2012\Projects\RPG Coursework\RPG Coursework\Debug\Main.obj
C:\Users\Conor\documents\visual studio 2012\Projects\RPG Coursework\RPG Coursework\Debug\Monster.obj
C:\Users\Conor\documents\visual studio 2012\Projects\RPG Coursework\RPG Coursework\Debug\Player.obj
C:\Users\Conor\documents\visual studio 2012\Projects\RPG Coursework\RPG Coursework\Debug\Raider.obj
C:\Users\Conor\documents\visual studio 2012\Projects\RPG Coursework\RPG Coursework\Debug\stateBattle.obj
C:\Users\Conor\documents\visual studio 2012\Projects\RPG Coursework\RPG Coursework\Debug\stateCharacterSelect.obj
C:\Users\Conor\documents\visual studio 2012\Projects\RPG Coursework\RPG Coursework\Debug\stateCredits.obj
C:\Users\Conor\documents\visual studio 2012\Projects\RPG Coursework\RPG Coursework\Debug\stateMainMenu.obj
C:\Users\Conor\documents\visual studio 2012\Projects\RPG Coursework\RPG Coursework\Debug\statePlay.obj
C:\Users\Conor\documents\visual studio 2012\Projects\RPG Coursework\RPG Coursework\Debug\stateSplash.obj
C:\Users\Conor\documents\visual studio 2012\Projects\RPG Coursework\RPG Coursework\Debug\StimulantPack.obj
C:\Users\Conor\documents\visual studio 2012\Projects\RPG Coursework\RPG Coursework\Debug\cl.command.1.tlog
C:\Users\Conor\documents\visual studio 2012\Projects\RPG Coursework\RPG Coursework\Debug\CL.read.1.tlog
C:\Users\Conor\documents\visual studio 2012\Projects\RPG Coursework\RPG Coursework\Debug\CL.write.1.tlog
C:\Users\Conor\documents\visual studio 2012\Projects\RPG Coursework\RPG Coursework\Debug\link-cvtres.read.1.tlog
C:\Users\Conor\documents\visual studio 2012\Projects\RPG Coursework\RPG Coursework\Debug\link-cvtres.write.1.tlog
C:\Users\Conor\documents\visual studio 2012\Projects\RPG Coursework\RPG Coursework\Debug\link-rc.read.1.tlog
C:\Users\Conor\documents\visual studio 2012\Projects\RPG Coursework\RPG Coursework\Debug\link-rc.write.1.tlog
C:\Users\Conor\documents\visual studio 2012\Projects\RPG Coursework\RPG Coursework\Debug\link.1096-cvtres.read.1.tlog
C:\Users\Conor\documents\visual studio 2012\Projects\RPG Coursework\RPG Coursework\Debug\link.1096-cvtres.write.1.tlog
C:\Users\Conor\documents\visual studio 2012\Projects\RPG Coursework\RPG Coursework\Debug\link.1096-rc.read.1.tlog
C:\Users\Conor\documents\visual studio 2012\Projects\RPG Coursework\RPG Coursework\Debug\link.1096-rc.write.1.tlog
C:\Users\Conor\documents\visual studio 2012\Projects\RPG Coursework\RPG Coursework\Debug\link.1096.read.1.tlog
C:\Users\Conor\documents\visual studio 2012\Projects\RPG Coursework\RPG Coursework\Debug\link.1096.write.1.tlog
C:\Users\Conor\documents\visual studio 2012\Projects\RPG Coursework\RPG Coursework\Debug\link.1384-cvtres.read.1.tlog
C:\Users\Conor\documents\visual studio 2012\Projects\RPG Coursework\RPG Coursework\Debug\link.1384-cvtres.write.1.tlog
C:\Users\Conor\documents\visual studio 2012\Projects\RPG Coursework\RPG Coursework\Debug\link.1384-rc.read.1.tlog
C:\Users\Conor\documents\visual studio 2012\Projects\RPG Coursework\RPG Coursework\Debug\link.1384-rc.write.1.tlog
C:\Users\Conor\documents\visual studio 2012\Projects\RPG Coursework\RPG Coursework\Debug\link.1384.read.1.tlog
C:\Users\Conor\documents\visual studio 2012\Projects\RPG Coursework\RPG Coursework\Debug\link.1384.write.1.tlog
C:\Users\Conor\documents\visual studio 2012\Projects\RPG Coursework\RPG Coursework\Debug\link.1608-cvtres.read.1.tlog
C:\Users\Conor\documents\visual studio 2012\Projects\RPG Coursework\RPG Coursework\Debug\link.1608-cvtres.write.1.tlog
C:\Users\Conor\documents\visual studio 2012\Projects\RPG Coursework\RPG Coursework\Debug\link.1608-rc.read.1.tlog
C:\Users\Conor\documents\visual studio 2012\Projects\RPG Coursework\RPG Coursework\Debug\link.1608-rc.write.1.tlog
C:\Users\Conor\documents\visual studio 2012\Projects\RPG Coursework\RPG Coursework\Debug\link.1608.read.1.tlog
C:\Users\Conor\documents\visual studio 2012\Projects\RPG Coursework\RPG Coursework\Debug\link.1608.write.1.tlog
C:\Users\Conor\documents\visual studio 2012\Projects\RPG Coursework\RPG Coursework\Debug\link.2228-cvtres.read.1.tlog
C:\Users\Conor\documents\visual studio 2012\Projects\RPG Coursework\RPG Coursework\Debug\link.2228-cvtres.write.1.tlog
C:\Users\Conor\documents\visual studio 2012\Projects\RPG Coursework\RPG Coursework\Debug\link.2228-rc.read.1.tlog
C:\Users\Conor\documents\visual studio 2012\Projects\RPG Coursework\RPG Coursework\Debug\link.2228-rc.write.1.tlog
C:\Users\Conor\documents\visual studio 2012\Projects\RPG Coursework\RPG Coursework\Debug\link.2228.read.1.tlog
C:\Users\Conor\documents\visual studio 2012\Projects\RPG Coursework\RPG Coursework\Debug\link.2228.write.1.tlog
C:\Users\Conor\documents\visual studio 2012\Projects\RPG Coursework\RPG Coursework\Debug\link.2344-cvtres.read.1.tlog
C:\Users\Conor\documents\visual studio 2012\Projects\RPG Coursework\RPG Coursework\Debug\link.2344-cvtres.write.1.tlog
C:\Users\Conor\documents\visual studio 2012\Projects\RPG Coursework\RPG Coursework\Debug\link.2344-rc.read.1.tlog
C:\Users\Conor\documents\visual studio 2012\Projects\RPG Coursework\RPG Coursework\Debug\link.2344-rc.write.1.tlog
C:\Users\Conor\documents\visual studio 2012\Projects\RPG Coursework\RPG Coursework\Debug\link.2344.read.1.tlog
C:\Users\Conor\documents\visual studio 2012\Projects\RPG Coursework\RPG Coursework\Debug\link.2344.write.1.tlog
C:\Users\Conor\documents\visual studio 2012\Projects\RPG Coursework\RPG Coursework\Debug\link.2396-cvtres.read.1.tlog
C:\Users\Conor\documents\visual studio 2012\Projects\RPG Coursework\RPG Coursework\Debug\link.2396-cvtres.write.1.tlog
C:\Users\Conor\documents\visual studio 2012\Projects\RPG Coursework\RPG Coursework\Debug\link.2396-rc.read.1.tlog
C:\Users\Conor\documents\visual studio 2012\Projects\RPG Coursework\RPG Coursework\Debug\link.2396-rc.write.1.tlog
C:\Users\Conor\documents\visual studio 2012\Projects\RPG Coursework\RPG Coursework\Debug\link.2396.read.1.tlog
C:\Users\Conor\documents\visual studio 2012\Projects\RPG Coursework\RPG Coursework\Debug\link.2396.write.1.tlog
C:\Users\Conor\documents\visual studio 2012\Projects\RPG Coursework\RPG Coursework\Debug\link.2432-cvtres.read.1.tlog
C:\Users\Conor\documents\visual studio 2012\Projects\RPG Coursework\RPG Coursework\Debug\link.2432-cvtres.write.1.tlog
C:\Users\Conor\documents\visual studio 2012\Projects\RPG Coursework\RPG Coursework\Debug\link.2432-rc.read.1.tlog
C:\Users\Conor\documents\visual studio 2012\Projects\RPG Coursework\RPG Coursework\Debug\link.2432-rc.write.1.tlog
C:\Users\Conor\documents\visual studio 2012\Projects\RPG Coursework\RPG Coursework\Debug\link.2432.read.1.tlog
C:\Users\Conor\documents\visual studio 2012\Projects\RPG Coursework\RPG Coursework\Debug\link.2432.write.1.tlog
C:\Users\Conor\documents\visual studio 2012\Projects\RPG Coursework\RPG Coursework\Debug\link.2440-cvtres.read.1.tlog
C:\Users\Conor\documents\visual studio 2012\Projects\RPG Coursework\RPG Coursework\Debug\link.2440-cvtres.write.1.tlog
C:\Users\Conor\documents\visual studio 2012\Projects\RPG Coursework\RPG Coursework\Debug\link.2440-rc.read.1.tlog
C:\Users\Conor\documents\visual studio 2012\Projects\RPG Coursework\RPG Coursework\Debug\link.2440-rc.write.1.tlog
C:\Users\Conor\documents\visual studio 2012\Projects\RPG Coursework\RPG Coursework\Debug\link.2440.read.1.tlog
C:\Users\Conor\documents\visual studio 2012\Projects\RPG Coursework\RPG Coursework\Debug\link.2440.write.1.tlog
C:\Users\Conor\documents\visual studio 2012\Projects\RPG Coursework\RPG Coursework\Debug\link.2484-cvtres.read.1.tlog
C:\Users\Conor\documents\visual studio 2012\Projects\RPG Coursework\RPG Coursework\Debug\link.2484-cvtres.write.1.tlog
C:\Users\Conor\documents\visual studio 2012\Projects\RPG Coursework\RPG Coursework\Debug\link.2484-rc.read.1.tlog
C:\Users\Conor\documents\visual studio 2012\Projects\RPG Coursework\RPG Coursework\Debug\link.2484-rc.write.1.tlog
C:\Users\Conor\documents\visual studio 2012\Projects\RPG Coursework\RPG Coursework\Debug\link.2484.read.1.tlog
C:\Users\Conor\documents\visual studio 2012\Projects\RPG Coursework\RPG Coursework\Debug\link.2484.write.1.tlog
C:\Users\Conor\documents\visual studio 2012\Projects\RPG Coursework\RPG Coursework\Debug\link.2580-cvtres.read.1.tlog
C:\Users\Conor\documents\visual studio 2012\Projects\RPG Coursework\RPG Coursework\Debug\link.2580-cvtres.write.1.tlog
C:\Users\Conor\documents\visual studio 2012\Projects\RPG Coursework\RPG Coursework\Debug\link.2580-rc.read.1.tlog
C:\Users\Conor\documents\visual studio 2012\Projects\RPG Coursework\RPG Coursework\Debug\link.2580-rc.write.1.tlog
C:\Users\Conor\documents\visual studio 2012\Projects\RPG Coursework\RPG Coursework\Debug\link.2580.read.1.tlog
C:\Users\Conor\documents\visual studio 2012\Projects\RPG Coursework\RPG Coursework\Debug\link.2580.write.1.tlog
C:\Users\Conor\documents\visual studio 2012\Projects\RPG Coursework\RPG Coursework\Debug\link.2592-cvtres.read.1.tlog
C:\Users\Conor\documents\visual studio 2012\Projects\RPG Coursework\RPG Coursework\Debug\link.2592-cvtres.write.1.tlog
C:\Users\Conor\documents\visual studio 2012\Projects\RPG Coursework\RPG Coursework\Debug\link.2592-rc.read.1.tlog
C:\Users\Conor\documents\visual studio 2012\Projects\RPG Coursework\RPG Coursework\Debug\link.2592-rc.write.1.tlog
C:\Users\Conor\documents\visual studio 2012\Projects\RPG Coursework\RPG Coursework\Debug\link.2592.read.1.tlog
C:\Users\Conor\documents\visual studio 2012\Projects\RPG Coursework\RPG Coursework\Debug\link.2592.write.1.tlog
C:\Users\Conor\documents\visual studio 2012\Projects\RPG Coursework\RPG Coursework\Debug\link.2648-cvtres.read.1.tlog
C:\Users\Conor\documents\visual studio 2012\Projects\RPG Coursework\RPG Coursework\Debug\link.2648-cvtres.write.1.tlog
C:\Users\Conor\documents\visual studio 2012\Projects\RPG Coursework\RPG Coursework\Debug\link.2648-rc.read.1.tlog
C:\Users\Conor\documents\visual studio 2012\Projects\RPG Coursework\RPG Coursework\Debug\link.2648-rc.write.1.tlog
C:\Users\Conor\documents\visual studio 2012\Projects\RPG Coursework\RPG Coursework\Debug\link.2648.read.1.tlog
C:\Users\Conor\documents\visual studio 2012\Projects\RPG Coursework\RPG Coursework\Debug\link.2648.write.1.tlog
C:\Users\Conor\documents\visual studio 2012\Projects\RPG Coursework\RPG Coursework\Debug\link.2712-cvtres.read.1.tlog
C:\Users\Conor\documents\visual studio 2012\Projects\RPG Coursework\RPG Coursework\Debug\link.2712-cvtres.write.1.tlog
C:\Users\Conor\documents\visual studio 2012\Projects\RPG Coursework\RPG Coursework\Debug\link.2712-rc.read.1.tlog
C:\Users\Conor\documents\visual studio 2012\Projects\RPG Coursework\RPG Coursework\Debug\link.2712-rc.write.1.tlog
C:\Users\Conor\documents\visual studio 2012\Projects\RPG Coursework\RPG Coursework\Debug\link.2712.read.1.tlog
C:\Users\Conor\documents\visual studio 2012\Projects\RPG Coursework\RPG Coursework\Debug\link.2712.write.1.tlog
C:\Users\Conor\documents\visual studio 2012\Projects\RPG Coursework\RPG Coursework\Debug\link.2960-cvtres.read.1.tlog
C:\Users\Conor\documents\visual studio 2012\Projects\RPG Coursework\RPG Coursework\Debug\link.2960-cvtres.write.1.tlog
C:\Users\Conor\documents\visual studio 2012\Projects\RPG Coursework\RPG Coursework\Debug\link.2960-rc.read.1.tlog
C:\Users\Conor\documents\visual studio 2012\Projects\RPG Coursework\RPG Coursework\Debug\link.2960-rc.write.1.tlog
C:\Users\Conor\documents\visual studio 2012\Projects\RPG Coursework\RPG Coursework\Debug\link.2960.read.1.tlog
C:\Users\Conor\documents\visual studio 2012\Projects\RPG Coursework\RPG Coursework\Debug\link.2960.write.1.tlog
C:\Users\Conor\documents\visual studio 2012\Projects\RPG Coursework\RPG Coursework\Debug\link.2968-cvtres.read.1.tlog
C:\Users\Conor\documents\visual studio 2012\Projects\RPG Coursework\RPG Coursework\Debug\link.2968-cvtres.write.1.tlog
C:\Users\Conor\documents\visual studio 2012\Projects\RPG Coursework\RPG Coursework\Debug\link.2968-rc.read.1.tlog
C:\Users\Conor\documents\visual studio 2012\Projects\RPG Coursework\RPG Coursework\Debug\link.2968-rc.write.1.tlog
C:\Users\Conor\documents\visual studio 2012\Projects\RPG Coursework\RPG Coursework\Debug\link.2968.read.1.tlog
C:\Users\Conor\documents\visual studio 2012\Projects\RPG Coursework\RPG Coursework\Debug\link.2968.write.1.tlog
C:\Users\Conor\documents\visual studio 2012\Projects\RPG Coursework\RPG Coursework\Debug\link.3036-cvtres.read.1.tlog
C:\Users\Conor\documents\visual studio 2012\Projects\RPG Coursework\RPG Coursework\Debug\link.3036-cvtres.write.1.tlog
C:\Users\Conor\documents\visual studio 2012\Projects\RPG Coursework\RPG Coursework\Debug\link.3036-rc.read.1.tlog
C:\Users\Conor\documents\visual studio 2012\Projects\RPG Coursework\RPG Coursework\Debug\link.3036-rc.write.1.tlog
C:\Users\Conor\documents\visual studio 2012\Projects\RPG Coursework\RPG Coursework\Debug\link.3036.read.1.tlog
C:\Users\Conor\documents\visual studio 2012\Projects\RPG Coursework\RPG Coursework\Debug\link.3036.write.1.tlog
C:\Users\Conor\documents\visual studio 2012\Projects\RPG Coursework\RPG Coursework\Debug\link.3148-cvtres.read.1.tlog
C:\Users\Conor\documents\visual studio 2012\Projects\RPG Coursework\RPG Coursework\Debug\link.3148-cvtres.write.1.tlog
C:\Users\Conor\documents\visual studio 2012\Projects\RPG Coursework\RPG Coursework\Debug\link.3148-rc.read.1.tlog
C:\Users\Conor\documents\visual studio 2012\Projects\RPG Coursework\RPG Coursework\Debug\link.3148-rc.write.1.tlog
C:\Users\Conor\documents\visual studio 2012\Projects\RPG Coursework\RPG Coursework\Debug\link.3148.read.1.tlog
C:\Users\Conor\documents\visual studio 2012\Projects\RPG Coursework\RPG Coursework\Debug\link.3148.write.1.tlog
C:\Users\Conor\documents\visual studio 2012\Projects\RPG Coursework\RPG Coursework\Debug\link.3976-cvtres.read.1.tlog
C:\Users\Conor\documents\visual studio 2012\Projects\RPG Coursework\RPG Coursework\Debug\link.3976-cvtres.write.1.tlog
C:\Users\Conor\documents\visual studio 2012\Projects\RPG Coursework\RPG Coursework\Debug\link.3976-rc.read.1.tlog
C:\Users\Conor\documents\visual studio 2012\Projects\RPG Coursework\RPG Coursework\Debug\link.3976-rc.write.1.tlog
C:\Users\Conor\documents\visual studio 2012\Projects\RPG Coursework\RPG Coursework\Debug\link.3976.read.1.tlog
C:\Users\Conor\documents\visual studio 2012\Projects\RPG Coursework\RPG Coursework\Debug\link.3976.write.1.tlog
C:\Users\Conor\documents\visual studio 2012\Projects\RPG Coursework\RPG Coursework\Debug\link.420-cvtres.read.1.tlog
C:\Users\Conor\documents\visual studio 2012\Projects\RPG Coursework\RPG Coursework\Debug\link.420-cvtres.write.1.tlog
C:\Users\Conor\documents\visual studio 2012\Projects\RPG Coursework\RPG Coursework\Debug\link.420-rc.read.1.tlog
C:\Users\Conor\documents\visual studio 2012\Projects\RPG Coursework\RPG Coursework\Debug\link.420-rc.write.1.tlog
C:\Users\Conor\documents\visual studio 2012\Projects\RPG Coursework\RPG Coursework\Debug\link.420.read.1.tlog
C:\Users\Conor\documents\visual studio 2012\Projects\RPG Coursework\RPG Coursework\Debug\link.420.write.1.tlog
C:\Users\Conor\documents\visual studio 2012\Projects\RPG Coursework\RPG Coursework\Debug\link.4248-cvtres.read.1.tlog
C:\Users\Conor\documents\visual studio 2012\Projects\RPG Coursework\RPG Coursework\Debug\link.4248-cvtres.write.1.tlog
C:\Users\Conor\documents\visual studio 2012\Projects\RPG Coursework\RPG Coursework\Debug\link.4248-rc.read.1.tlog
C:\Users\Conor\documents\visual studio 2012\Projects\RPG Coursework\RPG Coursework\Debug\link.4248-rc.write.1.tlog
C:\Users\Conor\documents\visual studio 2012\Projects\RPG Coursework\RPG Coursework\Debug\link.4248.read.1.tlog
C:\Users\Conor\documents\visual studio 2012\Projects\RPG Coursework\RPG Coursework\Debug\link.4248.write.1.tlog
C:\Users\Conor\documents\visual studio 2012\Projects\RPG Coursework\RPG Coursework\Debug\link.4272-cvtres.read.1.tlog
C:\Users\Conor\documents\visual studio 2012\Projects\RPG Coursework\RPG Coursework\Debug\link.4272-cvtres.write.1.tlog
C:\Users\Conor\documents\visual studio 2012\Projects\RPG Coursework\RPG Coursework\Debug\link.4272-rc.read.1.tlog
C:\Users\Conor\documents\visual studio 2012\Projects\RPG Coursework\RPG Coursework\Debug\link.4272-rc.write.1.tlog
C:\Users\Conor\documents\visual studio 2012\Projects\RPG Coursework\RPG Coursework\Debug\link.4272.read.1.tlog
C:\Users\Conor\documents\visual studio 2012\Projects\RPG Coursework\RPG Coursework\Debug\link.4272.write.1.tlog
C:\Users\Conor\documents\visual studio 2012\Projects\RPG Coursework\RPG Coursework\Debug\link.4340-cvtres.read.1.tlog
C:\Users\Conor\documents\visual studio 2012\Projects\RPG Coursework\RPG Coursework\Debug\link.4340-cvtres.write.1.tlog
C:\Users\Conor\documents\visual studio 2012\Projects\RPG Coursework\RPG Coursework\Debug\link.4340-rc.read.1.tlog
C:\Users\Conor\documents\visual studio 2012\Projects\RPG Coursework\RPG Coursework\Debug\link.4340-rc.write.1.tlog
C:\Users\Conor\documents\visual studio 2012\Projects\RPG Coursework\RPG Coursework\Debug\link.4340.read.1.tlog
C:\Users\Conor\documents\visual studio 2012\Projects\RPG Coursework\RPG Coursework\Debug\link.4340.write.1.tlog
C:\Users\Conor\documents\visual studio 2012\Projects\RPG Coursework\RPG Coursework\Debug\link.4444-cvtres.read.1.tlog
C:\Users\Conor\documents\visual studio 2012\Projects\RPG Coursework\RPG Coursework\Debug\link.4444-cvtres.write.1.tlog
C:\Users\Conor\documents\visual studio 2012\Projects\RPG Coursework\RPG Coursework\Debug\link.4444-rc.read.1.tlog
C:\Users\Conor\documents\visual studio 2012\Projects\RPG Coursework\RPG Coursework\Debug\link.4444-rc.write.1.tlog
C:\Users\Conor\documents\visual studio 2012\Projects\RPG Coursework\RPG Coursework\Debug\link.4444.read.1.tlog
C:\Users\Conor\documents\visual studio 2012\Projects\RPG Coursework\RPG Coursework\Debug\link.4444.write.1.tlog
C:\Users\Conor\documents\visual studio 2012\Projects\RPG Coursework\RPG Coursework\Debug\link.4592-cvtres.read.1.tlog
C:\Users\Conor\documents\visual studio 2012\Projects\RPG Coursework\RPG Coursework\Debug\link.4592-cvtres.write.1.tlog
C:\Users\Conor\documents\visual studio 2012\Projects\RPG Coursework\RPG Coursework\Debug\link.4592-rc.read.1.tlog
C:\Users\Conor\documents\visual studio 2012\Projects\RPG Coursework\RPG Coursework\Debug\link.4592-rc.write.1.tlog
C:\Users\Conor\documents\visual studio 2012\Projects\RPG Coursework\RPG Coursework\Debug\link.4592.read.1.tlog
C:\Users\Conor\documents\visual studio 2012\Projects\RPG Coursework\RPG Coursework\Debug\link.4592.write.1.tlog
C:\Users\Conor\documents\visual studio 2012\Projects\RPG Coursework\RPG Coursework\Debug\link.4656-cvtres.read.1.tlog
C:\Users\Conor\documents\visual studio 2012\Projects\RPG Coursework\RPG Coursework\Debug\link.4656-cvtres.write.1.tlog
C:\Users\Conor\documents\visual studio 2012\Projects\RPG Coursework\RPG Coursework\Debug\link.4656-rc.read.1.tlog
C:\Users\Conor\documents\visual studio 2012\Projects\RPG Coursework\RPG Coursework\Debug\link.4656-rc.write.1.tlog
C:\Users\Conor\documents\visual studio 2012\Projects\RPG Coursework\RPG Coursework\Debug\link.4656.read.1.tlog
C:\Users\Conor\documents\visual studio 2012\Projects\RPG Coursework\RPG Coursework\Debug\link.4656.write.1.tlog
C:\Users\Conor\documents\visual studio 2012\Projects\RPG Coursework\RPG Coursework\Debug\link.4716-cvtres.read.1.tlog
C:\Users\Conor\documents\visual studio 2012\Projects\RPG Coursework\RPG Coursework\Debug\link.4716-cvtres.write.1.tlog
C:\Users\Conor\documents\visual studio 2012\Projects\RPG Coursework\RPG Coursework\Debug\link.4716-rc.read.1.tlog
C:\Users\Conor\documents\visual studio 2012\Projects\RPG Coursework\RPG Coursework\Debug\link.4716-rc.write.1.tlog
C:\Users\Conor\documents\visual studio 2012\Projects\RPG Coursework\RPG Coursework\Debug\link.4716.read.1.tlog
C:\Users\Conor\documents\visual studio 2012\Projects\RPG Coursework\RPG Coursework\Debug\link.4716.write.1.tlog
C:\Users\Conor\documents\visual studio 2012\Projects\RPG Coursework\RPG Coursework\Debug\link.4760-cvtres.read.1.tlog
C:\Users\Conor\documents\visual studio 2012\Projects\RPG Coursework\RPG Coursework\Debug\link.4760-cvtres.write.1.tlog
C:\Users\Conor\documents\visual studio 2012\Projects\RPG Coursework\RPG Coursework\Debug\link.4760-rc.read.1.tlog
C:\Users\Conor\documents\visual studio 2012\Projects\RPG Coursework\RPG Coursework\Debug\link.4760-rc.write.1.tlog
C:\Users\Conor\documents\visual studio 2012\Projects\RPG Coursework\RPG Coursework\Debug\link.4760.read.1.tlog
C:\Users\Conor\documents\visual studio 2012\Projects\RPG Coursework\RPG Coursework\Debug\link.4760.write.1.tlog
C:\Users\Conor\documents\visual studio 2012\Projects\RPG Coursework\RPG Coursework\Debug\link.4972-cvtres.read.1.tlog
C:\Users\Conor\documents\visual studio 2012\Projects\RPG Coursework\RPG Coursework\Debug\link.4972-cvtres.write.1.tlog
C:\Users\Conor\documents\visual studio 2012\Projects\RPG Coursework\RPG Coursework\Debug\link.4972-rc.read.1.tlog
C:\Users\Conor\documents\visual studio 2012\Projects\RPG Coursework\RPG Coursework\Debug\link.4972-rc.write.1.tlog
C:\Users\Conor\documents\visual studio 2012\Projects\RPG Coursework\RPG Coursework\Debug\link.4972.read.1.tlog
C:\Users\Conor\documents\visual studio 2012\Projects\RPG Coursework\RPG Coursework\Debug\link.4972.write.1.tlog
C:\Users\Conor\documents\visual studio 2012\Projects\RPG Coursework\RPG Coursework\Debug\link.5024-cvtres.read.1.tlog
C:\Users\Conor\documents\visual studio 2012\Projects\RPG Coursework\RPG Coursework\Debug\link.5024-cvtres.write.1.tlog
C:\Users\Conor\documents\visual studio 2012\Projects\RPG Coursework\RPG Coursework\Debug\link.5024-rc.read.1.tlog
C:\Users\Conor\documents\visual studio 2012\Projects\RPG Coursework\RPG Coursework\Debug\link.5024-rc.write.1.tlog
C:\Users\Conor\documents\visual studio 2012\Projects\RPG Coursework\RPG Coursework\Debug\link.5024.read.1.tlog
C:\Users\Conor\documents\visual studio 2012\Projects\RPG Coursework\RPG Coursework\Debug\link.5024.write.1.tlog
C:\Users\Conor\documents\visual studio 2012\Projects\RPG Coursework\RPG Coursework\Debug\link.5528-cvtres.read.1.tlog
C:\Users\Conor\documents\visual studio 2012\Projects\RPG Coursework\RPG Coursework\Debug\link.5528-cvtres.write.1.tlog
C:\Users\Conor\documents\visual studio 2012\Projects\RPG Coursework\RPG Coursework\Debug\link.5528-rc.read.1.tlog
C:\Users\Conor\documents\visual studio 2012\Projects\RPG Coursework\RPG Coursework\Debug\link.5528-rc.write.1.tlog
C:\Users\Conor\documents\visual studio 2012\Projects\RPG Coursework\RPG Coursework\Debug\link.5528.read.1.tlog
C:\Users\Conor\documents\visual studio 2012\Projects\RPG Coursework\RPG Coursework\Debug\link.5528.write.1.tlog
C:\Users\Conor\documents\visual studio 2012\Projects\RPG Coursework\RPG Coursework\Debug\link.5936-cvtres.read.1.tlog
C:\Users\Conor\documents\visual studio 2012\Projects\RPG Coursework\RPG Coursework\Debug\link.5936-cvtres.write.1.tlog
C:\Users\Conor\documents\visual studio 2012\Projects\RPG Coursework\RPG Coursework\Debug\link.5936-rc.read.1.tlog
C:\Users\Conor\documents\visual studio 2012\Projects\RPG Coursework\RPG Coursework\Debug\link.5936-rc.write.1.tlog
C:\Users\Conor\documents\visual studio 2012\Projects\RPG Coursework\RPG Coursework\Debug\link.5936.read.1.tlog
C:\Users\Conor\documents\visual studio 2012\Projects\RPG Coursework\RPG Coursework\Debug\link.5936.write.1.tlog
C:\Users\Conor\documents\visual studio 2012\Projects\RPG Coursework\RPG Coursework\Debug\link.5972-cvtres.read.1.tlog
C:\Users\Conor\documents\visual studio 2012\Projects\RPG Coursework\RPG Coursework\Debug\link.5972-cvtres.write.1.tlog
C:\Users\Conor\documents\visual studio 2012\Projects\RPG Coursework\RPG Coursework\Debug\link.5972-rc.read.1.tlog
C:\Users\Conor\documents\visual studio 2012\Projects\RPG Coursework\RPG Coursework\Debug\link.5972-rc.write.1.tlog
C:\Users\Conor\documents\visual studio 2012\Projects\RPG Coursework\RPG Coursework\Debug\link.5972.read.1.tlog
C:\Users\Conor\documents\visual studio 2012\Projects\RPG Coursework\RPG Coursework\Debug\link.5972.write.1.tlog
C:\Users\Conor\documents\visual studio 2012\Projects\RPG Coursework\RPG Coursework\Debug\link.6136-cvtres.read.1.tlog
C:\Users\Conor\documents\visual studio 2012\Projects\RPG Coursework\RPG Coursework\Debug\link.6136-cvtres.write.1.tlog
C:\Users\Conor\documents\visual studio 2012\Projects\RPG Coursework\RPG Coursework\Debug\link.6136-rc.read.1.tlog
C:\Users\Conor\documents\visual studio 2012\Projects\RPG Coursework\RPG Coursework\Debug\link.6136-rc.write.1.tlog
C:\Users\Conor\documents\visual studio 2012\Projects\RPG Coursework\RPG Coursework\Debug\link.6136.read.1.tlog
C:\Users\Conor\documents\visual studio 2012\Projects\RPG Coursework\RPG Coursework\Debug\link.6136.write.1.tlog
C:\Users\Conor\documents\visual studio 2012\Projects\RPG Coursework\RPG Coursework\Debug\link.6432-cvtres.read.1.tlog
C:\Users\Conor\documents\visual studio 2012\Projects\RPG Coursework\RPG Coursework\Debug\link.6432-cvtres.write.1.tlog
C:\Users\Conor\documents\visual studio 2012\Projects\RPG Coursework\RPG Coursework\Debug\link.6432-rc.read.1.tlog
C:\Users\Conor\documents\visual studio 2012\Projects\RPG Coursework\RPG Coursework\Debug\link.6432-rc.write.1.tlog
C:\Users\Conor\documents\visual studio 2012\Projects\RPG Coursework\RPG Coursework\Debug\link.6432.read.1.tlog
C:\Users\Conor\documents\visual studio 2012\Projects\RPG Coursework\RPG Coursework\Debug\link.6432.write.1.tlog
C:\Users\Conor\documents\visual studio 2012\Projects\RPG Coursework\RPG Coursework\Debug\link.6488-cvtres.read.1.tlog
C:\Users\Conor\documents\visual studio 2012\Projects\RPG Coursework\RPG Coursework\Debug\link.6488-cvtres.write.1.tlog
C:\Users\Conor\documents\visual studio 2012\Projects\RPG Coursework\RPG Coursework\Debug\link.6488-rc.read.1.tlog
C:\Users\Conor\documents\visual studio 2012\Projects\RPG Coursework\RPG Coursework\Debug\link.6488-rc.write.1.tlog
C:\Users\Conor\documents\visual studio 2012\Projects\RPG Coursework\RPG Coursework\Debug\link.6488.read.1.tlog
C:\Users\Conor\documents\visual studio 2012\Projects\RPG Coursework\RPG Coursework\Debug\link.6488.write.1.tlog
C:\Users\Conor\documents\visual studio 2012\Projects\RPG Coursework\RPG Coursework\Debug\link.6540-cvtres.read.1.tlog
C:\Users\Conor\documents\visual studio 2012\Projects\RPG Coursework\RPG Coursework\Debug\link.6540-cvtres.write.1.tlog
C:\Users\Conor\documents\visual studio 2012\Projects\RPG Coursework\RPG Coursework\Debug\link.6540-rc.read.1.tlog
C:\Users\Conor\documents\visual studio 2012\Projects\RPG Coursework\RPG Coursework\Debug\link.6540-rc.write.1.tlog
C:\Users\Conor\documents\visual studio 2012\Projects\RPG Coursework\RPG Coursework\Debug\link.6540.read.1.tlog
C:\Users\Conor\documents\visual studio 2012\Projects\RPG Coursework\RPG Coursework\Debug\link.6540.write.1.tlog
C:\Users\Conor\documents\visual studio 2012\Projects\RPG Coursework\RPG Coursework\Debug\link.6564-cvtres.read.1.tlog
C:\Users\Conor\documents\visual studio 2012\Projects\RPG Coursework\RPG Coursework\Debug\link.6564-cvtres.write.1.tlog
C:\Users\Conor\documents\visual studio 2012\Projects\RPG Coursework\RPG Coursework\Debug\link.6564-rc.read.1.tlog
C:\Users\Conor\documents\visual studio 2012\Projects\RPG Coursework\RPG Coursework\Debug\link.6564-rc.write.1.tlog
C:\Users\Conor\documents\visual studio 2012\Projects\RPG Coursework\RPG Coursework\Debug\link.6564.read.1.tlog
C:\Users\Conor\documents\visual studio 2012\Projects\RPG Coursework\RPG Coursework\Debug\link.6564.write.1.tlog
C:\Users\Conor\documents\visual studio 2012\Projects\RPG Coursework\RPG Coursework\Debug\link.6760-cvtres.read.1.tlog
C:\Users\Conor\documents\visual studio 2012\Projects\RPG Coursework\RPG Coursework\Debug\link.6760-cvtres.write.1.tlog
C:\Users\Conor\documents\visual studio 2012\Projects\RPG Coursework\RPG Coursework\Debug\link.6760-rc.read.1.tlog
C:\Users\Conor\documents\visual studio 2012\Projects\RPG Coursework\RPG Coursework\Debug\link.6760-rc.write.1.tlog
C:\Users\Conor\documents\visual studio 2012\Projects\RPG Coursework\RPG Coursework\Debug\link.6760.read.1.tlog
C:\Users\Conor\documents\visual studio 2012\Projects\RPG Coursework\RPG Coursework\Debug\link.6760.write.1.tlog
C:\Users\Conor\documents\visual studio 2012\Projects\RPG Coursework\RPG Coursework\Debug\link.7020-cvtres.read.1.tlog
C:\Users\Conor\documents\visual studio 2012\Projects\RPG Coursework\RPG Coursework\Debug\link.7020-cvtres.write.1.tlog
C:\Users\Conor\documents\visual studio 2012\Projects\RPG Coursework\RPG Coursework\Debug\link.7020-rc.read.1.tlog
C:\Users\Conor\documents\visual studio 2012\Projects\RPG Coursework\RPG Coursework\Debug\link.7020-rc.write.1.tlog
C:\Users\Conor\documents\visual studio 2012\Projects\RPG Coursework\RPG Coursework\Debug\link.7020.read.1.tlog
C:\Users\Conor\documents\visual studio 2012\Projects\RPG Coursework\RPG Coursework\Debug\link.7020.write.1.tlog
C:\Users\Conor\documents\visual studio 2012\Projects\RPG Coursework\RPG Coursework\Debug\link.7044-cvtres.read.1.tlog
C:\Users\Conor\documents\visual studio 2012\Projects\RPG Coursework\RPG Coursework\Debug\link.7044-cvtres.write.1.tlog
C:\Users\Conor\documents\visual studio 2012\Projects\RPG Coursework\RPG Coursework\Debug\link.7044-rc.read.1.tlog
C:\Users\Conor\documents\visual studio 2012\Projects\RPG Coursework\RPG Coursework\Debug\link.7044-rc.write.1.tlog
C:\Users\Conor\documents\visual studio 2012\Projects\RPG Coursework\RPG Coursework\Debug\link.7044.read.1.tlog
C:\Users\Conor\documents\visual studio 2012\Projects\RPG Coursework\RPG Coursework\Debug\link.7044.write.1.tlog
C:\Users\Conor\documents\visual studio 2012\Projects\RPG Coursework\RPG Coursework\Debug\link.7204-cvtres.read.1.tlog
C:\Users\Conor\documents\visual studio 2012\Projects\RPG Coursework\RPG Coursework\Debug\link.7204-cvtres.write.1.tlog
C:\Users\Conor\documents\visual studio 2012\Projects\RPG Coursework\RPG Coursework\Debug\link.7204-rc.read.1.tlog
C:\Users\Conor\documents\visual studio 2012\Projects\RPG Coursework\RPG Coursework\Debug\link.7204-rc.write.1.tlog
C:\Users\Conor\documents\visual studio 2012\Projects\RPG Coursework\RPG Coursework\Debug\link.7204.read.1.tlog
C:\Users\Conor\documents\visual studio 2012\Projects\RPG Coursework\RPG Coursework\Debug\link.7204.write.1.tlog
C:\Users\Conor\documents\visual studio 2012\Projects\RPG Coursework\RPG Coursework\Debug\link.7632-cvtres.read.1.tlog
C:\Users\Conor\documents\visual studio 2012\Projects\RPG Coursework\RPG Coursework\Debug\link.7632-cvtres.write.1.tlog
C:\Users\Conor\documents\visual studio 2012\Projects\RPG Coursework\RPG Coursework\Debug\link.7632-rc.read.1.tlog
C:\Users\Conor\documents\visual studio 2012\Projects\RPG Coursework\RPG Coursework\Debug\link.7632-rc.write.1.tlog
C:\Users\Conor\documents\visual studio 2012\Projects\RPG Coursework\RPG Coursework\Debug\link.7632.read.1.tlog
C:\Users\Conor\documents\visual studio 2012\Projects\RPG Coursework\RPG Coursework\Debug\link.7632.write.1.tlog
C:\Users\Conor\documents\visual studio 2012\Projects\RPG Coursework\RPG Coursework\Debug\link.7680-cvtres.read.1.tlog
C:\Users\Conor\documents\visual studio 2012\Projects\RPG Coursework\RPG Coursework\Debug\link.7680-cvtres.write.1.tlog
C:\Users\Conor\documents\visual studio 2012\Projects\RPG Coursework\RPG Coursework\Debug\link.7680-rc.read.1.tlog
C:\Users\Conor\documents\visual studio 2012\Projects\RPG Coursework\RPG Coursework\Debug\link.7680-rc.write.1.tlog
C:\Users\Conor\documents\visual studio 2012\Projects\RPG Coursework\RPG Coursework\Debug\link.7680.read.1.tlog
C:\Users\Conor\documents\visual studio 2012\Projects\RPG Coursework\RPG Coursework\Debug\link.7680.write.1.tlog
C:\Users\Conor\documents\visual studio 2012\Projects\RPG Coursework\RPG Coursework\Debug\link.7760-cvtres.read.1.tlog
C:\Users\Conor\documents\visual studio 2012\Projects\RPG Coursework\RPG Coursework\Debug\link.7760-cvtres.write.1.tlog
C:\Users\Conor\documents\visual studio 2012\Projects\RPG Coursework\RPG Coursework\Debug\link.7760-rc.read.1.tlog
C:\Users\Conor\documents\visual studio 2012\Projects\RPG Coursework\RPG Coursework\Debug\link.7760-rc.write.1.tlog
C:\Users\Conor\documents\visual studio 2012\Projects\RPG Coursework\RPG Coursework\Debug\link.7760.read.1.tlog
C:\Users\Conor\documents\visual studio 2012\Projects\RPG Coursework\RPG Coursework\Debug\link.7760.write.1.tlog
C:\Users\Conor\documents\visual studio 2012\Projects\RPG Coursework\RPG Coursework\Debug\link.80-cvtres.read.1.tlog
C:\Users\Conor\documents\visual studio 2012\Projects\RPG Coursework\RPG Coursework\Debug\link.80-cvtres.write.1.tlog
C:\Users\Conor\documents\visual studio 2012\Projects\RPG Coursework\RPG Coursework\Debug\link.80-rc.read.1.tlog
C:\Users\Conor\documents\visual studio 2012\Projects\RPG Coursework\RPG Coursework\Debug\link.80-rc.write.1.tlog
C:\Users\Conor\documents\visual studio 2012\Projects\RPG Coursework\RPG Coursework\Debug\link.80.read.1.tlog
C:\Users\Conor\documents\visual studio 2012\Projects\RPG Coursework\RPG Coursework\Debug\link.80.write.1.tlog
C:\Users\Conor\documents\visual studio 2012\Projects\RPG Coursework\RPG Coursework\Debug\link.8000-cvtres.read.1.tlog
C:\Users\Conor\documents\visual studio 2012\Projects\RPG Coursework\RPG Coursework\Debug\link.8000-cvtres.write.1.tlog
C:\Users\Conor\documents\visual studio 2012\Projects\RPG Coursework\RPG Coursework\Debug\link.8000-rc.read.1.tlog
C:\Users\Conor\documents\visual studio 2012\Projects\RPG Coursework\RPG Coursework\Debug\link.8000-rc.write.1.tlog
C:\Users\Conor\documents\visual studio 2012\Projects\RPG Coursework\RPG Coursework\Debug\link.8000.read.1.tlog
C:\Users\Conor\documents\visual studio 2012\Projects\RPG Coursework\RPG Coursework\Debug\link.8000.write.1.tlog
C:\Users\Conor\documents\visual studio 2012\Projects\RPG Coursework\RPG Coursework\Debug\link.8068-cvtres.read.1.tlog
C:\Users\Conor\documents\visual studio 2012\Projects\RPG Coursework\RPG Coursework\Debug\link.8068-cvtres.write.1.tlog
C:\Users\Conor\documents\visual studio 2012\Projects\RPG Coursework\RPG Coursework\Debug\link.8068-rc.read.1.tlog
C:\Users\Conor\documents\visual studio 2012\Projects\RPG Coursework\RPG Coursework\Debug\link.8068-rc.write.1.tlog
C:\Users\Conor\documents\visual studio 2012\Projects\RPG Coursework\RPG Coursework\Debug\link.8068.read.1.tlog
C:\Users\Conor\documents\visual studio 2012\Projects\RPG Coursework\RPG Coursework\Debug\link.8068.write.1.tlog
C:\Users\Conor\documents\visual studio 2012\Projects\RPG Coursework\RPG Coursework\Debug\link.960-cvtres.read.1.tlog
C:\Users\Conor\documents\visual studio 2012\Projects\RPG Coursework\RPG Coursework\Debug\link.960-cvtres.write.1.tlog
C:\Users\Conor\documents\visual studio 2012\Projects\RPG Coursework\RPG Coursework\Debug\link.960-rc.read.1.tlog
C:\Users\Conor\documents\visual studio 2012\Projects\RPG Coursework\RPG Coursework\Debug\link.960-rc.write.1.tlog
C:\Users\Conor\documents\visual studio 2012\Projects\RPG Coursework\RPG Coursework\Debug\link.960.read.1.tlog
C:\Users\Conor\documents\visual studio 2012\Projects\RPG Coursework\RPG Coursework\Debug\link.960.write.1.tlog
C:\Users\Conor\documents\visual studio 2012\Projects\RPG Coursework\RPG Coursework\Debug\link.command.1.tlog
C:\Users\Conor\documents\visual studio 2012\Projects\RPG Coursework\RPG Coursework\Debug\link.read.1.tlog
C:\Users\Conor\documents\visual studio 2012\Projects\RPG Coursework\RPG Coursework\Debug\link.write.1.tlog
C:\Users\Conor\documents\visual studio 2012\Projects\RPG Coursework\RPG Coursework\Debug\vc110.idb
C:\Users\Conor\documents\visual studio 2012\Projects\RPG Coursework\RPG Coursework\Debug\vc110.pdb
C:\Users\Conor\documents\visual studio 2012\Projects\RPG Coursework\Debug\RPG Coursework.pdb
C:\Users\Conor\documents\visual studio 2012\Projects\RPG Coursework\Debug\RPG Coursework.exe
C:\Users\Conor\documents\visual studio 2012\Projects\RPG Coursework\Debug\RPG Coursework.ilk
